[2026-03-25T23:09:33.579+0000] {local_task_job_runner.py:120} INFO - ::group::Pre task execution logs
[2026-03-25T23:09:33.589+0000] {taskinstance.py:2076} INFO - Dependencies all met for dep_context=non-requeueable deps ti=<TaskInstance: ml_training_pipeline.train_model manual__2026-03-25T23:09:27.457661+00:00 [queued]>
[2026-03-25T23:09:33.591+0000] {taskinstance.py:2076} INFO - Dependencies all met for dep_context=requeueable deps ti=<TaskInstance: ml_training_pipeline.train_model manual__2026-03-25T23:09:27.457661+00:00 [queued]>
[2026-03-25T23:09:33.591+0000] {taskinstance.py:2306} INFO - Starting attempt 1 of 1
[2026-03-25T23:09:33.597+0000] {taskinstance.py:2330} INFO - Executing <Task(BashOperator): train_model> on 2026-03-25 23:09:27.457661+00:00
[2026-03-25T23:09:33.599+0000] {standard_task_runner.py:64} INFO - Started process 105 to run task
[2026-03-25T23:09:33.600+0000] {standard_task_runner.py:90} INFO - Running: ['airflow', 'tasks', 'run', 'ml_training_pipeline', 'train_model', 'manual__2026-03-25T23:09:27.457661+00:00', '--job-id', '7', '--raw', '--subdir', 'DAGS_FOLDER/ml_training_pipeline.py', '--cfg-path', '/tmp/tmpxlqg5tya']
[2026-03-25T23:09:33.601+0000] {standard_task_runner.py:91} INFO - Job 7: Subtask train_model
[2026-03-25T23:09:33.618+0000] {task_command.py:426} INFO - Running <TaskInstance: ml_training_pipeline.train_model manual__2026-03-25T23:09:27.457661+00:00 [running]> on host 289b03b8ce95
[2026-03-25T23:09:33.643+0000] {taskinstance.py:2648} INFO - Exporting env vars: AIRFLOW_CTX_DAG_OWNER='airflow' AIRFLOW_CTX_DAG_ID='ml_training_pipeline' AIRFLOW_CTX_TASK_ID='train_model' AIRFLOW_CTX_EXECUTION_DATE='2026-03-25T23:09:27.457661+00:00' AIRFLOW_CTX_TRY_NUMBER='1' AIRFLOW_CTX_DAG_RUN_ID='manual__2026-03-25T23:09:27.457661+00:00'
[2026-03-25T23:09:33.643+0000] {taskinstance.py:430} INFO - ::endgroup::
[2026-03-25T23:09:33.647+0000] {subprocess.py:63} INFO - Tmp dir root location: /tmp
[2026-03-25T23:09:33.648+0000] {subprocess.py:75} INFO - Running command: ['/usr/bin/bash', '-c', 'cd /opt/airflow/project && python src/train.py data/prepared models --ci --model-filename ci_model.joblib --metrics-filename ci_metrics.json --confusion-matrix-filename ci_confusion_matrix.png --max-train-rows 1000 --max-test-rows 400 --run-name airflow_train']
[2026-03-25T23:09:33.652+0000] {subprocess.py:86} INFO - Output:
[2026-03-25T23:09:36.003+0000] {subprocess.py:93} INFO - DVC rerun check
[2026-03-25T23:09:36.003+0000] {subprocess.py:93} INFO - Traceback (most recent call last):
[2026-03-25T23:09:36.006+0000] {subprocess.py:93} INFO -   File "/opt/airflow/project/src/train.py", line 547, in <module>
[2026-03-25T23:09:36.007+0000] {subprocess.py:93} INFO -     main()
[2026-03-25T23:09:36.007+0000] {subprocess.py:93} INFO -   File "/opt/airflow/project/src/train.py", line 476, in main
[2026-03-25T23:09:36.008+0000] {subprocess.py:93} INFO -     mlflow.log_artifact(str(cm_path), artifact_path="plots")
[2026-03-25T23:09:36.008+0000] {subprocess.py:93} INFO -   File "/home/airflow/.local/lib/python3.11/site-packages/mlflow/tracking/fluent.py", line 1179, in log_artifact
[2026-03-25T23:09:36.008+0000] {subprocess.py:93} INFO -     MlflowClient().log_artifact(run_id, local_path, artifact_path)
[2026-03-25T23:09:36.008+0000] {subprocess.py:93} INFO -   File "/home/airflow/.local/lib/python3.11/site-packages/mlflow/tracking/client.py", line 2379, in log_artifact
[2026-03-25T23:09:36.008+0000] {subprocess.py:93} INFO -     self._tracking_client.log_artifact(run_id, local_path, artifact_path)
[2026-03-25T23:09:36.008+0000] {subprocess.py:93} INFO -   File "/home/airflow/.local/lib/python3.11/site-packages/mlflow/tracking/_tracking_service/client.py", line 935, in log_artifact
[2026-03-25T23:09:36.008+0000] {subprocess.py:93} INFO -     artifact_repo.log_artifact(local_path, artifact_path)
[2026-03-25T23:09:36.008+0000] {subprocess.py:93} INFO -   File "/home/airflow/.local/lib/python3.11/site-packages/mlflow/store/artifact/local_artifact_repo.py", line 43, in log_artifact
[2026-03-25T23:09:36.008+0000] {subprocess.py:93} INFO -     mkdir(artifact_dir)
[2026-03-25T23:09:36.008+0000] {subprocess.py:93} INFO -   File "/home/airflow/.local/lib/python3.11/site-packages/mlflow/utils/file_utils.py", line 211, in mkdir
[2026-03-25T23:09:36.008+0000] {subprocess.py:93} INFO -     raise e
[2026-03-25T23:09:36.008+0000] {subprocess.py:93} INFO -   File "/home/airflow/.local/lib/python3.11/site-packages/mlflow/utils/file_utils.py", line 208, in mkdir
[2026-03-25T23:09:36.008+0000] {subprocess.py:93} INFO -     os.makedirs(target, exist_ok=True)
[2026-03-25T23:09:36.008+0000] {subprocess.py:93} INFO -   File "<frozen os>", line 215, in makedirs
[2026-03-25T23:09:36.008+0000] {subprocess.py:93} INFO -   File "<frozen os>", line 215, in makedirs
[2026-03-25T23:09:36.008+0000] {subprocess.py:93} INFO -   File "<frozen os>", line 215, in makedirs
[2026-03-25T23:09:36.008+0000] {subprocess.py:93} INFO -   [Previous line repeated 7 more times]
[2026-03-25T23:09:36.011+0000] {subprocess.py:93} INFO -   File "<frozen os>", line 225, in makedirs
[2026-03-25T23:09:36.011+0000] {subprocess.py:93} INFO - PermissionError: [Errno 13] Permission denied: '/Users'
[2026-03-25T23:09:36.265+0000] {subprocess.py:97} INFO - Command exited with return code 1
[2026-03-25T23:09:36.265+0000] {taskinstance.py:441} INFO - ::group::Post task execution logs
[2026-03-25T23:09:36.269+0000] {taskinstance.py:2905} ERROR - Task failed with exception
Traceback (most recent call last):
  File "/home/airflow/.local/lib/python3.11/site-packages/airflow/models/taskinstance.py", line 465, in _execute_task
    result = _execute_callable(context=context, **execute_callable_kwargs)
             ^^^^^^^^^^^^^^^^^^^^^^^^^^^^^^^^^^^^^^^^^^^^^^^^^^^^^^^^^^^^^
  File "/home/airflow/.local/lib/python3.11/site-packages/airflow/models/taskinstance.py", line 432, in _execute_callable
    return execute_callable(context=context, **execute_callable_kwargs)
           ^^^^^^^^^^^^^^^^^^^^^^^^^^^^^^^^^^^^^^^^^^^^^^^^^^^^^^^^^^^^
  File "/home/airflow/.local/lib/python3.11/site-packages/airflow/models/baseoperator.py", line 401, in wrapper
    return func(self, *args, **kwargs)
           ^^^^^^^^^^^^^^^^^^^^^^^^^^^
  File "/home/airflow/.local/lib/python3.11/site-packages/airflow/operators/bash.py", line 243, in execute
    raise AirflowException(
airflow.exceptions.AirflowException: Bash command failed. The command returned a non-zero exit code 1.
[2026-03-25T23:09:36.271+0000] {taskinstance.py:1206} INFO - Marking task as FAILED. dag_id=ml_training_pipeline, task_id=train_model, run_id=manual__2026-03-25T23:09:27.457661+00:00, execution_date=20260325T230927, start_date=20260325T230933, end_date=20260325T230936
[2026-03-25T23:09:36.277+0000] {standard_task_runner.py:110} ERROR - Failed to execute job 7 for task train_model (Bash command failed. The command returned a non-zero exit code 1.; 105)
[2026-03-25T23:09:36.286+0000] {local_task_job_runner.py:243} INFO - Task exited with return code 1
[2026-03-25T23:09:36.295+0000] {taskinstance.py:3503} INFO - 0 downstream tasks scheduled from follow-on schedule check
[2026-03-25T23:09:36.298+0000] {local_task_job_runner.py:222} INFO - ::endgroup::
