[2026-03-25T23:14:34.467+0000] {local_task_job_runner.py:120} INFO - ::group::Pre task execution logs
[2026-03-25T23:14:34.477+0000] {taskinstance.py:2076} INFO - Dependencies all met for dep_context=non-requeueable deps ti=<TaskInstance: ml_training_pipeline.train_model manual__2026-03-25T23:14:28.069304+00:00 [queued]>
[2026-03-25T23:14:34.479+0000] {taskinstance.py:2076} INFO - Dependencies all met for dep_context=requeueable deps ti=<TaskInstance: ml_training_pipeline.train_model manual__2026-03-25T23:14:28.069304+00:00 [queued]>
[2026-03-25T23:14:34.479+0000] {taskinstance.py:2306} INFO - Starting attempt 1 of 1
[2026-03-25T23:14:34.486+0000] {taskinstance.py:2330} INFO - Executing <Task(BashOperator): train_model> on 2026-03-25 23:14:28.069304+00:00
[2026-03-25T23:14:34.487+0000] {standard_task_runner.py:64} INFO - Started process 309 to run task
[2026-03-25T23:14:34.489+0000] {standard_task_runner.py:90} INFO - Running: ['airflow', 'tasks', 'run', 'ml_training_pipeline', 'train_model', 'manual__2026-03-25T23:14:28.069304+00:00', '--job-id', '10', '--raw', '--subdir', 'DAGS_FOLDER/ml_training_pipeline.py', '--cfg-path', '/tmp/tmpa0pw_smz']
[2026-03-25T23:14:34.490+0000] {standard_task_runner.py:91} INFO - Job 10: Subtask train_model
[2026-03-25T23:14:34.506+0000] {task_command.py:426} INFO - Running <TaskInstance: ml_training_pipeline.train_model manual__2026-03-25T23:14:28.069304+00:00 [running]> on host 289b03b8ce95
[2026-03-25T23:14:34.529+0000] {taskinstance.py:2648} INFO - Exporting env vars: AIRFLOW_CTX_DAG_OWNER='airflow' AIRFLOW_CTX_DAG_ID='ml_training_pipeline' AIRFLOW_CTX_TASK_ID='train_model' AIRFLOW_CTX_EXECUTION_DATE='2026-03-25T23:14:28.069304+00:00' AIRFLOW_CTX_TRY_NUMBER='1' AIRFLOW_CTX_DAG_RUN_ID='manual__2026-03-25T23:14:28.069304+00:00'
[2026-03-25T23:14:34.529+0000] {taskinstance.py:430} INFO - ::endgroup::
[2026-03-25T23:14:34.533+0000] {subprocess.py:63} INFO - Tmp dir root location: /tmp
[2026-03-25T23:14:34.534+0000] {subprocess.py:75} INFO - Running command: ['/usr/bin/bash', '-c', 'cd /opt/airflow/project && python src/train.py data/prepared models --ci --tracking-uri file:/opt/airflow/project/mlruns --experiment-name Telco_Churn_Lab5 --model-filename ci_model.joblib --metrics-filename ci_metrics.json --confusion-matrix-filename ci_confusion_matrix.png --max-train-rows 1000 --max-test-rows 400 --run-name airflow_train']
[2026-03-25T23:14:34.537+0000] {subprocess.py:86} INFO - Output:
[2026-03-25T23:14:36.008+0000] {subprocess.py:93} INFO - 2026/03/25 23:14:36 INFO mlflow.tracking.fluent: Experiment with name 'Telco_Churn_Lab5' does not exist. Creating a new experiment.
[2026-03-25T23:14:38.871+0000] {subprocess.py:93} INFO - [31m2026/03/25 23:14:38 WARNING mlflow.models.model: Model logged without a signature and input example. Please set `input_example` parameter when logging the model to auto infer the model signature.[0m
[2026-03-25T23:14:38.886+0000] {subprocess.py:93} INFO - DVC rerun check
[2026-03-25T23:14:38.886+0000] {subprocess.py:93} INFO - 
[2026-03-25T23:14:38.888+0000] {subprocess.py:93} INFO - ✅ Training completed successfully
[2026-03-25T23:14:38.888+0000] {subprocess.py:93} INFO - Saved local model to: models/ci_model.joblib
[2026-03-25T23:14:38.888+0000] {subprocess.py:93} INFO - Saved metrics to: models/ci_metrics.json
[2026-03-25T23:14:38.888+0000] {subprocess.py:93} INFO - Saved confusion matrix to: models/ci_confusion_matrix.png
[2026-03-25T23:14:38.889+0000] {subprocess.py:93} INFO - Train metrics:
[2026-03-25T23:14:38.889+0000] {subprocess.py:93} INFO -   accuracy: 1.0000
[2026-03-25T23:14:38.889+0000] {subprocess.py:93} INFO -   precision: 1.0000
[2026-03-25T23:14:38.889+0000] {subprocess.py:93} INFO -   recall: 1.0000
[2026-03-25T23:14:38.889+0000] {subprocess.py:93} INFO -   f1: 1.0000
[2026-03-25T23:14:38.889+0000] {subprocess.py:93} INFO -   roc_auc: 1.0000
[2026-03-25T23:14:38.889+0000] {subprocess.py:93} INFO - Test metrics:
[2026-03-25T23:14:38.889+0000] {subprocess.py:93} INFO -   accuracy: 0.7650
[2026-03-25T23:14:38.891+0000] {subprocess.py:93} INFO -   precision: 0.5843
[2026-03-25T23:14:38.893+0000] {subprocess.py:93} INFO -   recall: 0.4771
[2026-03-25T23:14:38.893+0000] {subprocess.py:93} INFO -   f1: 0.5253
[2026-03-25T23:14:38.893+0000] {subprocess.py:93} INFO -   roc_auc: 0.8139
[2026-03-25T23:14:38.893+0000] {subprocess.py:93} INFO - 
[2026-03-25T23:14:38.895+0000] {subprocess.py:93} INFO - MLflow run_id: 07f401aecf644666894fc0e4fdcf6677
[2026-03-25T23:14:38.895+0000] {subprocess.py:93} INFO - Experiment: Telco_Churn_Lab5
[2026-03-25T23:14:39.215+0000] {subprocess.py:97} INFO - Command exited with return code 0
[2026-03-25T23:14:39.216+0000] {taskinstance.py:441} INFO - ::group::Post task execution logs
[2026-03-25T23:14:39.225+0000] {taskinstance.py:1206} INFO - Marking task as SUCCESS. dag_id=ml_training_pipeline, task_id=train_model, run_id=manual__2026-03-25T23:14:28.069304+00:00, execution_date=20260325T231428, start_date=20260325T231434, end_date=20260325T231439
[2026-03-25T23:14:39.242+0000] {local_task_job_runner.py:243} INFO - Task exited with return code 0
[2026-03-25T23:14:39.252+0000] {taskinstance.py:3503} INFO - 1 downstream tasks scheduled from follow-on schedule check
[2026-03-25T23:14:39.253+0000] {local_task_job_runner.py:222} INFO - ::endgroup::
