[2026-03-25T23:14:32.199+0000] {local_task_job_runner.py:120} INFO - ::group::Pre task execution logs
[2026-03-25T23:14:32.209+0000] {taskinstance.py:2076} INFO - Dependencies all met for dep_context=non-requeueable deps ti=<TaskInstance: ml_training_pipeline.prepare_data manual__2026-03-25T23:14:28.069304+00:00 [queued]>
[2026-03-25T23:14:32.212+0000] {taskinstance.py:2076} INFO - Dependencies all met for dep_context=requeueable deps ti=<TaskInstance: ml_training_pipeline.prepare_data manual__2026-03-25T23:14:28.069304+00:00 [queued]>
[2026-03-25T23:14:32.212+0000] {taskinstance.py:2306} INFO - Starting attempt 1 of 1
[2026-03-25T23:14:32.218+0000] {taskinstance.py:2330} INFO - Executing <Task(BashOperator): prepare_data> on 2026-03-25 23:14:28.069304+00:00
[2026-03-25T23:14:32.219+0000] {standard_task_runner.py:64} INFO - Started process 265 to run task
[2026-03-25T23:14:32.221+0000] {standard_task_runner.py:90} INFO - Running: ['airflow', 'tasks', 'run', 'ml_training_pipeline', 'prepare_data', 'manual__2026-03-25T23:14:28.069304+00:00', '--job-id', '9', '--raw', '--subdir', 'DAGS_FOLDER/ml_training_pipeline.py', '--cfg-path', '/tmp/tmp9_m28fiz']
[2026-03-25T23:14:32.222+0000] {standard_task_runner.py:91} INFO - Job 9: Subtask prepare_data
[2026-03-25T23:14:32.239+0000] {task_command.py:426} INFO - Running <TaskInstance: ml_training_pipeline.prepare_data manual__2026-03-25T23:14:28.069304+00:00 [running]> on host 289b03b8ce95
[2026-03-25T23:14:32.264+0000] {taskinstance.py:2648} INFO - Exporting env vars: AIRFLOW_CTX_DAG_OWNER='airflow' AIRFLOW_CTX_DAG_ID='ml_training_pipeline' AIRFLOW_CTX_TASK_ID='prepare_data' AIRFLOW_CTX_EXECUTION_DATE='2026-03-25T23:14:28.069304+00:00' AIRFLOW_CTX_TRY_NUMBER='1' AIRFLOW_CTX_DAG_RUN_ID='manual__2026-03-25T23:14:28.069304+00:00'
[2026-03-25T23:14:32.264+0000] {taskinstance.py:430} INFO - ::endgroup::
[2026-03-25T23:14:32.269+0000] {subprocess.py:63} INFO - Tmp dir root location: /tmp
[2026-03-25T23:14:32.269+0000] {subprocess.py:75} INFO - Running command: ['/usr/bin/bash', '-c', 'cd /opt/airflow/project && python src/prepare.py data/raw/WA_Fn-UseC_-Telco-Customer-Churn.csv data/prepared']
[2026-03-25T23:14:32.273+0000] {subprocess.py:86} INFO - Output:
[2026-03-25T23:14:33.050+0000] {subprocess.py:93} INFO - ✅ Prepare completed
[2026-03-25T23:14:33.051+0000] {subprocess.py:93} INFO - Saved: data/prepared/train.csv
[2026-03-25T23:14:33.052+0000] {subprocess.py:93} INFO - Saved: data/prepared/test.csv
[2026-03-25T23:14:33.124+0000] {subprocess.py:97} INFO - Command exited with return code 0
[2026-03-25T23:14:33.125+0000] {taskinstance.py:441} INFO - ::group::Post task execution logs
[2026-03-25T23:14:33.134+0000] {taskinstance.py:1206} INFO - Marking task as SUCCESS. dag_id=ml_training_pipeline, task_id=prepare_data, run_id=manual__2026-03-25T23:14:28.069304+00:00, execution_date=20260325T231428, start_date=20260325T231432, end_date=20260325T231433
[2026-03-25T23:14:33.146+0000] {local_task_job_runner.py:243} INFO - Task exited with return code 0
[2026-03-25T23:14:33.157+0000] {taskinstance.py:3503} INFO - 1 downstream tasks scheduled from follow-on schedule check
[2026-03-25T23:14:33.158+0000] {local_task_job_runner.py:222} INFO - ::endgroup::
