[2026-03-25T20:13:16.675+0000] {manager.py:470} INFO - Processing files using up to 1 processes at a time 
[2026-03-25T20:13:16.676+0000] {manager.py:471} INFO - Process each file at most once every 30 seconds
[2026-03-25T20:13:16.676+0000] {manager.py:472} INFO - Checking for new files in /opt/airflow/dags every 300 seconds
[2026-03-25T20:13:16.676+0000] {manager.py:737} INFO - Searching for files in /opt/airflow/dags
[2026-03-25T20:13:16.677+0000] {manager.py:740} INFO - There are 0 files in /opt/airflow/dags
[2026-03-25T20:18:16.692+0000] {manager.py:737} INFO - Searching for files in /opt/airflow/dags
[2026-03-25T20:18:16.695+0000] {manager.py:740} INFO - There are 1 files in /opt/airflow/dags
[2026-03-25T20:18:17.392+0000] {manager.py:878} INFO - 
================================================================================
DAG File Processing Stats

File Path                                  PID    Runtime      # DAGs    # Errors  Last Runtime    Last Run
-----------------------------------------  -----  ---------  --------  ----------  --------------  -------------------
/opt/airflow/dags/ml_training_pipeline.py                           1           0  0.21s           2026-03-25T20:18:16
================================================================================
[2026-03-25T20:18:47.687+0000] {manager.py:878} INFO - 
================================================================================
DAG File Processing Stats

File Path                                  PID    Runtime      # DAGs    # Errors  Last Runtime    Last Run
-----------------------------------------  -----  ---------  --------  ----------  --------------  -------------------
/opt/airflow/dags/ml_training_pipeline.py                           1           0  0.21s           2026-03-25T20:18:47
================================================================================
[2026-03-25T20:19:17.973+0000] {manager.py:878} INFO - 
================================================================================
DAG File Processing Stats

File Path                                  PID    Runtime      # DAGs    # Errors  Last Runtime    Last Run
-----------------------------------------  -----  ---------  --------  ----------  --------------  -------------------
/opt/airflow/dags/ml_training_pipeline.py                           1           0  0.21s           2026-03-25T20:19:17
================================================================================
[2026-03-25T20:19:48.222+0000] {manager.py:878} INFO - 
================================================================================
DAG File Processing Stats

File Path                                  PID    Runtime      # DAGs    # Errors  Last Runtime    Last Run
-----------------------------------------  -----  ---------  --------  ----------  --------------  -------------------
/opt/airflow/dags/ml_training_pipeline.py                           1           0  0.11s           2026-03-25T20:19:48
================================================================================
[2026-03-25T20:20:18.411+0000] {manager.py:878} INFO - 
================================================================================
DAG File Processing Stats

File Path                                  PID    Runtime      # DAGs    # Errors  Last Runtime    Last Run
-----------------------------------------  -----  ---------  --------  ----------  --------------  -------------------
/opt/airflow/dags/ml_training_pipeline.py                           1           0  0.11s           2026-03-25T20:20:18
================================================================================
[2026-03-25T20:20:48.601+0000] {manager.py:878} INFO - 
================================================================================
DAG File Processing Stats

File Path                                  PID    Runtime      # DAGs    # Errors  Last Runtime    Last Run
-----------------------------------------  -----  ---------  --------  ----------  --------------  -------------------
/opt/airflow/dags/ml_training_pipeline.py                           1           0  0.11s           2026-03-25T20:20:48
================================================================================
[2026-03-25T20:21:18.789+0000] {manager.py:878} INFO - 
================================================================================
DAG File Processing Stats

File Path                                  PID    Runtime      # DAGs    # Errors  Last Runtime    Last Run
-----------------------------------------  -----  ---------  --------  ----------  --------------  -------------------
/opt/airflow/dags/ml_training_pipeline.py                           1           0  0.11s           2026-03-25T20:21:18
================================================================================
[2026-03-25T20:21:48.975+0000] {manager.py:878} INFO - 
================================================================================
DAG File Processing Stats

File Path                                  PID    Runtime      # DAGs    # Errors  Last Runtime    Last Run
-----------------------------------------  -----  ---------  --------  ----------  --------------  -------------------
/opt/airflow/dags/ml_training_pipeline.py                           1           0  0.11s           2026-03-25T20:21:48
================================================================================
[2026-03-25T20:22:19.163+0000] {manager.py:878} INFO - 
================================================================================
DAG File Processing Stats

File Path                                  PID    Runtime      # DAGs    # Errors  Last Runtime    Last Run
-----------------------------------------  -----  ---------  --------  ----------  --------------  -------------------
/opt/airflow/dags/ml_training_pipeline.py                           1           0  0.11s           2026-03-25T20:22:19
================================================================================
[2026-03-25T20:22:49.348+0000] {manager.py:878} INFO - 
================================================================================
DAG File Processing Stats

File Path                                  PID    Runtime      # DAGs    # Errors  Last Runtime    Last Run
-----------------------------------------  -----  ---------  --------  ----------  --------------  -------------------
/opt/airflow/dags/ml_training_pipeline.py                           1           0  0.10s           2026-03-25T20:22:49
================================================================================
[2026-03-25T20:23:16.845+0000] {manager.py:737} INFO - Searching for files in /opt/airflow/dags
[2026-03-25T20:23:16.849+0000] {manager.py:740} INFO - There are 1 files in /opt/airflow/dags
[2026-03-25T20:23:19.532+0000] {manager.py:878} INFO - 
================================================================================
DAG File Processing Stats

File Path                                  PID    Runtime      # DAGs    # Errors  Last Runtime    Last Run
-----------------------------------------  -----  ---------  --------  ----------  --------------  -------------------
/opt/airflow/dags/ml_training_pipeline.py                           1           0  0.10s           2026-03-25T20:23:19
================================================================================
[2026-03-25T20:23:49.721+0000] {manager.py:878} INFO - 
================================================================================
DAG File Processing Stats

File Path                                  PID    Runtime      # DAGs    # Errors  Last Runtime    Last Run
-----------------------------------------  -----  ---------  --------  ----------  --------------  -------------------
/opt/airflow/dags/ml_training_pipeline.py                           1           0  0.11s           2026-03-25T20:23:49
================================================================================
[2026-03-25T20:24:19.911+0000] {manager.py:878} INFO - 
================================================================================
DAG File Processing Stats

File Path                                  PID    Runtime      # DAGs    # Errors  Last Runtime    Last Run
-----------------------------------------  -----  ---------  --------  ----------  --------------  -------------------
/opt/airflow/dags/ml_training_pipeline.py                           1           0  0.11s           2026-03-25T20:24:19
================================================================================
[2026-03-25T20:24:50.090+0000] {manager.py:878} INFO - 
================================================================================
DAG File Processing Stats

File Path                                  PID    Runtime      # DAGs    # Errors  Last Runtime    Last Run
-----------------------------------------  -----  ---------  --------  ----------  --------------  -------------------
/opt/airflow/dags/ml_training_pipeline.py                           1           0  0.11s           2026-03-25T20:24:50
================================================================================
[2026-03-25T20:25:20.270+0000] {manager.py:878} INFO - 
================================================================================
DAG File Processing Stats

File Path                                  PID    Runtime      # DAGs    # Errors  Last Runtime    Last Run
-----------------------------------------  -----  ---------  --------  ----------  --------------  -------------------
/opt/airflow/dags/ml_training_pipeline.py                           1           0  0.11s           2026-03-25T20:25:20
================================================================================
[2026-03-25T20:25:50.463+0000] {manager.py:878} INFO - 
================================================================================
DAG File Processing Stats

File Path                                  PID    Runtime      # DAGs    # Errors  Last Runtime    Last Run
-----------------------------------------  -----  ---------  --------  ----------  --------------  -------------------
/opt/airflow/dags/ml_training_pipeline.py                           1           0  0.11s           2026-03-25T20:25:50
================================================================================
[2026-03-25T20:26:20.647+0000] {manager.py:878} INFO - 
================================================================================
DAG File Processing Stats

File Path                                  PID    Runtime      # DAGs    # Errors  Last Runtime    Last Run
-----------------------------------------  -----  ---------  --------  ----------  --------------  -------------------
/opt/airflow/dags/ml_training_pipeline.py                           1           0  0.10s           2026-03-25T20:26:20
================================================================================
[2026-03-25T20:26:50.841+0000] {manager.py:878} INFO - 
================================================================================
DAG File Processing Stats

File Path                                  PID    Runtime      # DAGs    # Errors  Last Runtime    Last Run
-----------------------------------------  -----  ---------  --------  ----------  --------------  -------------------
/opt/airflow/dags/ml_training_pipeline.py                           1           0  0.11s           2026-03-25T20:26:50
================================================================================
[2026-03-25T20:27:21.028+0000] {manager.py:878} INFO - 
================================================================================
DAG File Processing Stats

File Path                                  PID    Runtime      # DAGs    # Errors  Last Runtime    Last Run
-----------------------------------------  -----  ---------  --------  ----------  --------------  -------------------
/opt/airflow/dags/ml_training_pipeline.py                           1           0  0.11s           2026-03-25T20:27:21
================================================================================
[2026-03-25T20:27:51.223+0000] {manager.py:878} INFO - 
================================================================================
DAG File Processing Stats

File Path                                  PID    Runtime      # DAGs    # Errors  Last Runtime    Last Run
-----------------------------------------  -----  ---------  --------  ----------  --------------  -------------------
/opt/airflow/dags/ml_training_pipeline.py                           1           0  0.11s           2026-03-25T20:27:51
================================================================================
[2026-03-25T20:28:17.004+0000] {manager.py:737} INFO - Searching for files in /opt/airflow/dags
[2026-03-25T20:28:17.009+0000] {manager.py:740} INFO - There are 1 files in /opt/airflow/dags
[2026-03-25T20:28:21.415+0000] {manager.py:878} INFO - 
================================================================================
DAG File Processing Stats

File Path                                  PID    Runtime      # DAGs    # Errors  Last Runtime    Last Run
-----------------------------------------  -----  ---------  --------  ----------  --------------  -------------------
/opt/airflow/dags/ml_training_pipeline.py                           1           0  0.11s           2026-03-25T20:28:21
================================================================================
[2026-03-25T20:28:51.599+0000] {manager.py:878} INFO - 
================================================================================
DAG File Processing Stats

File Path                                  PID    Runtime      # DAGs    # Errors  Last Runtime    Last Run
-----------------------------------------  -----  ---------  --------  ----------  --------------  -------------------
/opt/airflow/dags/ml_training_pipeline.py                           1           0  0.11s           2026-03-25T20:28:51
================================================================================
[2026-03-25T20:29:21.784+0000] {manager.py:878} INFO - 
================================================================================
DAG File Processing Stats

File Path                                  PID    Runtime      # DAGs    # Errors  Last Runtime    Last Run
-----------------------------------------  -----  ---------  --------  ----------  --------------  -------------------
/opt/airflow/dags/ml_training_pipeline.py                           1           0  0.11s           2026-03-25T20:29:21
================================================================================
[2026-03-25T20:29:51.945+0000] {manager.py:878} INFO - 
================================================================================
DAG File Processing Stats

File Path                                  PID    Runtime      # DAGs    # Errors  Last Runtime    Last Run
-----------------------------------------  -----  ---------  --------  ----------  --------------  -------------------
/opt/airflow/dags/ml_training_pipeline.py                           1           0  0.11s           2026-03-25T20:29:51
================================================================================
[2026-03-25T20:30:22.104+0000] {manager.py:878} INFO - 
================================================================================
DAG File Processing Stats

File Path                                  PID    Runtime      # DAGs    # Errors  Last Runtime    Last Run
-----------------------------------------  -----  ---------  --------  ----------  --------------  -------------------
/opt/airflow/dags/ml_training_pipeline.py                           1           0  0.11s           2026-03-25T20:30:22
================================================================================
[2026-03-25T20:30:52.270+0000] {manager.py:878} INFO - 
================================================================================
DAG File Processing Stats

File Path                                  PID    Runtime      # DAGs    # Errors  Last Runtime    Last Run
-----------------------------------------  -----  ---------  --------  ----------  --------------  -------------------
/opt/airflow/dags/ml_training_pipeline.py                           1           0  0.11s           2026-03-25T20:30:52
================================================================================
[2026-03-25T20:31:22.467+0000] {manager.py:878} INFO - 
================================================================================
DAG File Processing Stats

File Path                                  PID    Runtime      # DAGs    # Errors  Last Runtime    Last Run
-----------------------------------------  -----  ---------  --------  ----------  --------------  -------------------
/opt/airflow/dags/ml_training_pipeline.py                           1           0  0.11s           2026-03-25T20:31:22
================================================================================
[2026-03-25T20:31:52.653+0000] {manager.py:878} INFO - 
================================================================================
DAG File Processing Stats

File Path                                  PID    Runtime      # DAGs    # Errors  Last Runtime    Last Run
-----------------------------------------  -----  ---------  --------  ----------  --------------  -------------------
/opt/airflow/dags/ml_training_pipeline.py                           1           0  0.11s           2026-03-25T20:31:52
================================================================================
[2026-03-25T20:32:22.847+0000] {manager.py:878} INFO - 
================================================================================
DAG File Processing Stats

File Path                                  PID    Runtime      # DAGs    # Errors  Last Runtime    Last Run
-----------------------------------------  -----  ---------  --------  ----------  --------------  -------------------
/opt/airflow/dags/ml_training_pipeline.py                           1           0  0.11s           2026-03-25T20:32:22
================================================================================
[2026-03-25T20:32:53.034+0000] {manager.py:878} INFO - 
================================================================================
DAG File Processing Stats

File Path                                  PID    Runtime      # DAGs    # Errors  Last Runtime    Last Run
-----------------------------------------  -----  ---------  --------  ----------  --------------  -------------------
/opt/airflow/dags/ml_training_pipeline.py                           1           0  0.11s           2026-03-25T20:32:53
================================================================================
[2026-03-25T20:33:17.005+0000] {manager.py:737} INFO - Searching for files in /opt/airflow/dags
[2026-03-25T20:33:17.010+0000] {manager.py:740} INFO - There are 1 files in /opt/airflow/dags
[2026-03-25T20:33:23.220+0000] {manager.py:878} INFO - 
================================================================================
DAG File Processing Stats

File Path                                  PID    Runtime      # DAGs    # Errors  Last Runtime    Last Run
-----------------------------------------  -----  ---------  --------  ----------  --------------  -------------------
/opt/airflow/dags/ml_training_pipeline.py                           1           0  0.11s           2026-03-25T20:33:23
================================================================================
[2026-03-25T20:33:53.409+0000] {manager.py:878} INFO - 
================================================================================
DAG File Processing Stats

File Path                                  PID    Runtime      # DAGs    # Errors  Last Runtime    Last Run
-----------------------------------------  -----  ---------  --------  ----------  --------------  -------------------
/opt/airflow/dags/ml_training_pipeline.py                           1           0  0.11s           2026-03-25T20:33:53
================================================================================
[2026-03-25T20:34:23.595+0000] {manager.py:878} INFO - 
================================================================================
DAG File Processing Stats

File Path                                  PID    Runtime      # DAGs    # Errors  Last Runtime    Last Run
-----------------------------------------  -----  ---------  --------  ----------  --------------  -------------------
/opt/airflow/dags/ml_training_pipeline.py                           1           0  0.11s           2026-03-25T20:34:23
================================================================================
[2026-03-25T20:34:53.783+0000] {manager.py:878} INFO - 
================================================================================
DAG File Processing Stats

File Path                                  PID    Runtime      # DAGs    # Errors  Last Runtime    Last Run
-----------------------------------------  -----  ---------  --------  ----------  --------------  -------------------
/opt/airflow/dags/ml_training_pipeline.py                           1           0  0.11s           2026-03-25T20:34:53
================================================================================
[2026-03-25T20:35:23.971+0000] {manager.py:878} INFO - 
================================================================================
DAG File Processing Stats

File Path                                  PID    Runtime      # DAGs    # Errors  Last Runtime    Last Run
-----------------------------------------  -----  ---------  --------  ----------  --------------  -------------------
/opt/airflow/dags/ml_training_pipeline.py                           1           0  0.11s           2026-03-25T20:35:23
================================================================================
[2026-03-25T20:35:54.148+0000] {manager.py:878} INFO - 
================================================================================
DAG File Processing Stats

File Path                                  PID    Runtime      # DAGs    # Errors  Last Runtime    Last Run
-----------------------------------------  -----  ---------  --------  ----------  --------------  -------------------
/opt/airflow/dags/ml_training_pipeline.py                           1           0  0.11s           2026-03-25T20:35:54
================================================================================
[2026-03-25T20:36:24.344+0000] {manager.py:878} INFO - 
================================================================================
DAG File Processing Stats

File Path                                  PID    Runtime      # DAGs    # Errors  Last Runtime    Last Run
-----------------------------------------  -----  ---------  --------  ----------  --------------  -------------------
/opt/airflow/dags/ml_training_pipeline.py                           1           0  0.11s           2026-03-25T20:36:24
================================================================================
[2026-03-25T20:36:54.518+0000] {manager.py:878} INFO - 
================================================================================
DAG File Processing Stats

File Path                                  PID    Runtime      # DAGs    # Errors  Last Runtime    Last Run
-----------------------------------------  -----  ---------  --------  ----------  --------------  -------------------
/opt/airflow/dags/ml_training_pipeline.py                           1           0  0.11s           2026-03-25T20:36:54
================================================================================
[2026-03-25T20:37:24.694+0000] {manager.py:878} INFO - 
================================================================================
DAG File Processing Stats

File Path                                  PID    Runtime      # DAGs    # Errors  Last Runtime    Last Run
-----------------------------------------  -----  ---------  --------  ----------  --------------  -------------------
/opt/airflow/dags/ml_training_pipeline.py                           1           0  0.10s           2026-03-25T20:37:24
================================================================================
[2026-03-25T20:37:54.862+0000] {manager.py:878} INFO - 
================================================================================
DAG File Processing Stats

File Path                                  PID    Runtime      # DAGs    # Errors  Last Runtime    Last Run
-----------------------------------------  -----  ---------  --------  ----------  --------------  -------------------
/opt/airflow/dags/ml_training_pipeline.py                           1           0  0.11s           2026-03-25T20:37:54
================================================================================
[2026-03-25T20:38:17.059+0000] {manager.py:737} INFO - Searching for files in /opt/airflow/dags
[2026-03-25T20:38:17.063+0000] {manager.py:740} INFO - There are 1 files in /opt/airflow/dags
[2026-03-25T20:38:25.033+0000] {manager.py:878} INFO - 
================================================================================
DAG File Processing Stats

File Path                                  PID    Runtime      # DAGs    # Errors  Last Runtime    Last Run
-----------------------------------------  -----  ---------  --------  ----------  --------------  -------------------
/opt/airflow/dags/ml_training_pipeline.py                           1           0  0.10s           2026-03-25T20:38:25
================================================================================
[2026-03-25T20:38:55.204+0000] {manager.py:878} INFO - 
================================================================================
DAG File Processing Stats

File Path                                  PID    Runtime      # DAGs    # Errors  Last Runtime    Last Run
-----------------------------------------  -----  ---------  --------  ----------  --------------  -------------------
/opt/airflow/dags/ml_training_pipeline.py                           1           0  0.10s           2026-03-25T20:38:55
================================================================================
[2026-03-25T20:39:25.375+0000] {manager.py:878} INFO - 
================================================================================
DAG File Processing Stats

File Path                                  PID    Runtime      # DAGs    # Errors  Last Runtime    Last Run
-----------------------------------------  -----  ---------  --------  ----------  --------------  -------------------
/opt/airflow/dags/ml_training_pipeline.py                           1           0  0.11s           2026-03-25T20:39:25
================================================================================
[2026-03-25T20:39:55.552+0000] {manager.py:878} INFO - 
================================================================================
DAG File Processing Stats

File Path                                  PID    Runtime      # DAGs    # Errors  Last Runtime    Last Run
-----------------------------------------  -----  ---------  --------  ----------  --------------  -------------------
/opt/airflow/dags/ml_training_pipeline.py                           1           0  0.11s           2026-03-25T20:39:55
================================================================================
[2026-03-25T20:40:25.746+0000] {manager.py:878} INFO - 
================================================================================
DAG File Processing Stats

File Path                                  PID    Runtime      # DAGs    # Errors  Last Runtime    Last Run
-----------------------------------------  -----  ---------  --------  ----------  --------------  -------------------
/opt/airflow/dags/ml_training_pipeline.py                           1           0  0.11s           2026-03-25T20:40:25
================================================================================
[2026-03-25T20:40:55.914+0000] {manager.py:878} INFO - 
================================================================================
DAG File Processing Stats

File Path                                  PID    Runtime      # DAGs    # Errors  Last Runtime    Last Run
-----------------------------------------  -----  ---------  --------  ----------  --------------  -------------------
/opt/airflow/dags/ml_training_pipeline.py                           1           0  0.10s           2026-03-25T20:40:55
================================================================================
[2026-03-25T20:41:26.078+0000] {manager.py:878} INFO - 
================================================================================
DAG File Processing Stats

File Path                                  PID    Runtime      # DAGs    # Errors  Last Runtime    Last Run
-----------------------------------------  -----  ---------  --------  ----------  --------------  -------------------
/opt/airflow/dags/ml_training_pipeline.py                           1           0  0.10s           2026-03-25T20:41:26
================================================================================
[2026-03-25T20:41:56.253+0000] {manager.py:878} INFO - 
================================================================================
DAG File Processing Stats

File Path                                  PID    Runtime      # DAGs    # Errors  Last Runtime    Last Run
-----------------------------------------  -----  ---------  --------  ----------  --------------  -------------------
/opt/airflow/dags/ml_training_pipeline.py                           1           0  0.11s           2026-03-25T20:41:56
================================================================================
[2026-03-25T20:42:26.417+0000] {manager.py:878} INFO - 
================================================================================
DAG File Processing Stats

File Path                                  PID    Runtime      # DAGs    # Errors  Last Runtime    Last Run
-----------------------------------------  -----  ---------  --------  ----------  --------------  -------------------
/opt/airflow/dags/ml_training_pipeline.py                           1           0  0.10s           2026-03-25T20:42:26
================================================================================
[2026-03-25T20:42:56.586+0000] {manager.py:878} INFO - 
================================================================================
DAG File Processing Stats

File Path                                  PID    Runtime      # DAGs    # Errors  Last Runtime    Last Run
-----------------------------------------  -----  ---------  --------  ----------  --------------  -------------------
/opt/airflow/dags/ml_training_pipeline.py                           1           0  0.11s           2026-03-25T20:42:56
================================================================================
[2026-03-25T20:43:17.093+0000] {manager.py:737} INFO - Searching for files in /opt/airflow/dags
[2026-03-25T20:43:17.096+0000] {manager.py:740} INFO - There are 1 files in /opt/airflow/dags
[2026-03-25T20:43:26.762+0000] {manager.py:878} INFO - 
================================================================================
DAG File Processing Stats

File Path                                  PID    Runtime      # DAGs    # Errors  Last Runtime    Last Run
-----------------------------------------  -----  ---------  --------  ----------  --------------  -------------------
/opt/airflow/dags/ml_training_pipeline.py                           1           0  0.11s           2026-03-25T20:43:26
================================================================================
[2026-03-25T20:43:56.937+0000] {manager.py:878} INFO - 
================================================================================
DAG File Processing Stats

File Path                                  PID    Runtime      # DAGs    # Errors  Last Runtime    Last Run
-----------------------------------------  -----  ---------  --------  ----------  --------------  -------------------
/opt/airflow/dags/ml_training_pipeline.py                           1           0  0.10s           2026-03-25T20:43:56
================================================================================
[2026-03-25T20:44:27.106+0000] {manager.py:878} INFO - 
================================================================================
DAG File Processing Stats

File Path                                  PID    Runtime      # DAGs    # Errors  Last Runtime    Last Run
-----------------------------------------  -----  ---------  --------  ----------  --------------  -------------------
/opt/airflow/dags/ml_training_pipeline.py                           1           0  0.10s           2026-03-25T20:44:27
================================================================================
[2026-03-25T20:44:57.277+0000] {manager.py:878} INFO - 
================================================================================
DAG File Processing Stats

File Path                                  PID    Runtime      # DAGs    # Errors  Last Runtime    Last Run
-----------------------------------------  -----  ---------  --------  ----------  --------------  -------------------
/opt/airflow/dags/ml_training_pipeline.py                           1           0  0.11s           2026-03-25T20:44:57
================================================================================
[2026-03-25T20:45:27.412+0000] {manager.py:878} INFO - 
================================================================================
DAG File Processing Stats

File Path                                  PID    Runtime      # DAGs    # Errors  Last Runtime    Last Run
-----------------------------------------  -----  ---------  --------  ----------  --------------  -------------------
/opt/airflow/dags/ml_training_pipeline.py                           1           0  0.11s           2026-03-25T20:45:27
================================================================================
[2026-03-25T20:45:57.576+0000] {manager.py:878} INFO - 
================================================================================
DAG File Processing Stats

File Path                                  PID    Runtime      # DAGs    # Errors  Last Runtime    Last Run
-----------------------------------------  -----  ---------  --------  ----------  --------------  -------------------
/opt/airflow/dags/ml_training_pipeline.py                           1           0  0.11s           2026-03-25T20:45:57
================================================================================
[2026-03-25T20:46:27.753+0000] {manager.py:878} INFO - 
================================================================================
DAG File Processing Stats

File Path                                  PID    Runtime      # DAGs    # Errors  Last Runtime    Last Run
-----------------------------------------  -----  ---------  --------  ----------  --------------  -------------------
/opt/airflow/dags/ml_training_pipeline.py                           1           0  0.11s           2026-03-25T20:46:27
================================================================================
[2026-03-25T20:46:57.919+0000] {manager.py:878} INFO - 
================================================================================
DAG File Processing Stats

File Path                                  PID    Runtime      # DAGs    # Errors  Last Runtime    Last Run
-----------------------------------------  -----  ---------  --------  ----------  --------------  -------------------
/opt/airflow/dags/ml_training_pipeline.py                           1           0  0.10s           2026-03-25T20:46:57
================================================================================
[2026-03-25T20:47:28.093+0000] {manager.py:878} INFO - 
================================================================================
DAG File Processing Stats

File Path                                  PID    Runtime      # DAGs    # Errors  Last Runtime    Last Run
-----------------------------------------  -----  ---------  --------  ----------  --------------  -------------------
/opt/airflow/dags/ml_training_pipeline.py                           1           0  0.11s           2026-03-25T20:47:28
================================================================================
[2026-03-25T20:47:58.261+0000] {manager.py:878} INFO - 
================================================================================
DAG File Processing Stats

File Path                                  PID    Runtime      # DAGs    # Errors  Last Runtime    Last Run
-----------------------------------------  -----  ---------  --------  ----------  --------------  -------------------
/opt/airflow/dags/ml_training_pipeline.py                           1           0  0.11s           2026-03-25T20:47:58
================================================================================
[2026-03-25T20:48:17.128+0000] {manager.py:737} INFO - Searching for files in /opt/airflow/dags
[2026-03-25T20:48:17.130+0000] {manager.py:740} INFO - There are 1 files in /opt/airflow/dags
[2026-03-25T20:48:28.427+0000] {manager.py:878} INFO - 
================================================================================
DAG File Processing Stats

File Path                                  PID    Runtime      # DAGs    # Errors  Last Runtime    Last Run
-----------------------------------------  -----  ---------  --------  ----------  --------------  -------------------
/opt/airflow/dags/ml_training_pipeline.py                           1           0  0.11s           2026-03-25T20:48:28
================================================================================
[2026-03-25T20:48:58.606+0000] {manager.py:878} INFO - 
================================================================================
DAG File Processing Stats

File Path                                  PID    Runtime      # DAGs    # Errors  Last Runtime    Last Run
-----------------------------------------  -----  ---------  --------  ----------  --------------  -------------------
/opt/airflow/dags/ml_training_pipeline.py                           1           0  0.11s           2026-03-25T20:48:58
================================================================================
[2026-03-25T20:49:28.785+0000] {manager.py:878} INFO - 
================================================================================
DAG File Processing Stats

File Path                                  PID    Runtime      # DAGs    # Errors  Last Runtime    Last Run
-----------------------------------------  -----  ---------  --------  ----------  --------------  -------------------
/opt/airflow/dags/ml_training_pipeline.py                           1           0  0.11s           2026-03-25T20:49:28
================================================================================
[2026-03-25T20:49:58.960+0000] {manager.py:878} INFO - 
================================================================================
DAG File Processing Stats

File Path                                  PID    Runtime      # DAGs    # Errors  Last Runtime    Last Run
-----------------------------------------  -----  ---------  --------  ----------  --------------  -------------------
/opt/airflow/dags/ml_training_pipeline.py                           1           0  0.10s           2026-03-25T20:49:58
================================================================================
[2026-03-25T20:50:29.131+0000] {manager.py:878} INFO - 
================================================================================
DAG File Processing Stats

File Path                                  PID    Runtime      # DAGs    # Errors  Last Runtime    Last Run
-----------------------------------------  -----  ---------  --------  ----------  --------------  -------------------
/opt/airflow/dags/ml_training_pipeline.py                           1           0  0.11s           2026-03-25T20:50:29
================================================================================
[2026-03-25T20:50:59.303+0000] {manager.py:878} INFO - 
================================================================================
DAG File Processing Stats

File Path                                  PID    Runtime      # DAGs    # Errors  Last Runtime    Last Run
-----------------------------------------  -----  ---------  --------  ----------  --------------  -------------------
/opt/airflow/dags/ml_training_pipeline.py                           1           0  0.11s           2026-03-25T20:50:59
================================================================================
[2026-03-25T20:51:29.480+0000] {manager.py:878} INFO - 
================================================================================
DAG File Processing Stats

File Path                                  PID    Runtime      # DAGs    # Errors  Last Runtime    Last Run
-----------------------------------------  -----  ---------  --------  ----------  --------------  -------------------
/opt/airflow/dags/ml_training_pipeline.py                           1           0  0.11s           2026-03-25T20:51:29
================================================================================
[2026-03-25T20:51:59.645+0000] {manager.py:878} INFO - 
================================================================================
DAG File Processing Stats

File Path                                  PID    Runtime      # DAGs    # Errors  Last Runtime    Last Run
-----------------------------------------  -----  ---------  --------  ----------  --------------  -------------------
/opt/airflow/dags/ml_training_pipeline.py                           1           0  0.11s           2026-03-25T20:51:59
================================================================================
[2026-03-25T20:52:29.817+0000] {manager.py:878} INFO - 
================================================================================
DAG File Processing Stats

File Path                                  PID    Runtime      # DAGs    # Errors  Last Runtime    Last Run
-----------------------------------------  -----  ---------  --------  ----------  --------------  -------------------
/opt/airflow/dags/ml_training_pipeline.py                           1           0  0.11s           2026-03-25T20:52:29
================================================================================
[2026-03-25T20:52:59.984+0000] {manager.py:878} INFO - 
================================================================================
DAG File Processing Stats

File Path                                  PID    Runtime      # DAGs    # Errors  Last Runtime    Last Run
-----------------------------------------  -----  ---------  --------  ----------  --------------  -------------------
/opt/airflow/dags/ml_training_pipeline.py                           1           0  0.10s           2026-03-25T20:52:59
================================================================================
[2026-03-25T20:53:17.163+0000] {manager.py:737} INFO - Searching for files in /opt/airflow/dags
[2026-03-25T20:53:17.166+0000] {manager.py:740} INFO - There are 1 files in /opt/airflow/dags
[2026-03-25T20:53:30.157+0000] {manager.py:878} INFO - 
================================================================================
DAG File Processing Stats

File Path                                  PID    Runtime      # DAGs    # Errors  Last Runtime    Last Run
-----------------------------------------  -----  ---------  --------  ----------  --------------  -------------------
/opt/airflow/dags/ml_training_pipeline.py                           1           0  0.10s           2026-03-25T20:53:30
================================================================================
[2026-03-25T20:54:00.333+0000] {manager.py:878} INFO - 
================================================================================
DAG File Processing Stats

File Path                                  PID    Runtime      # DAGs    # Errors  Last Runtime    Last Run
-----------------------------------------  -----  ---------  --------  ----------  --------------  -------------------
/opt/airflow/dags/ml_training_pipeline.py                           1           0  0.11s           2026-03-25T20:54:00
================================================================================
[2026-03-25T20:54:30.510+0000] {manager.py:878} INFO - 
================================================================================
DAG File Processing Stats

File Path                                  PID    Runtime      # DAGs    # Errors  Last Runtime    Last Run
-----------------------------------------  -----  ---------  --------  ----------  --------------  -------------------
/opt/airflow/dags/ml_training_pipeline.py                           1           0  0.11s           2026-03-25T20:54:30
================================================================================
[2026-03-25T20:55:00.674+0000] {manager.py:878} INFO - 
================================================================================
DAG File Processing Stats

File Path                                  PID    Runtime      # DAGs    # Errors  Last Runtime    Last Run
-----------------------------------------  -----  ---------  --------  ----------  --------------  -------------------
/opt/airflow/dags/ml_training_pipeline.py                           1           0  0.11s           2026-03-25T20:55:00
================================================================================
[2026-03-25T20:55:30.845+0000] {manager.py:878} INFO - 
================================================================================
DAG File Processing Stats

File Path                                  PID    Runtime      # DAGs    # Errors  Last Runtime    Last Run
-----------------------------------------  -----  ---------  --------  ----------  --------------  -------------------
/opt/airflow/dags/ml_training_pipeline.py                           1           0  0.11s           2026-03-25T20:55:30
================================================================================
[2026-03-25T20:56:01.012+0000] {manager.py:878} INFO - 
================================================================================
DAG File Processing Stats

File Path                                  PID    Runtime      # DAGs    # Errors  Last Runtime    Last Run
-----------------------------------------  -----  ---------  --------  ----------  --------------  -------------------
/opt/airflow/dags/ml_training_pipeline.py                           1           0  0.11s           2026-03-25T20:56:01
================================================================================
[2026-03-25T20:56:31.179+0000] {manager.py:878} INFO - 
================================================================================
DAG File Processing Stats

File Path                                  PID    Runtime      # DAGs    # Errors  Last Runtime    Last Run
-----------------------------------------  -----  ---------  --------  ----------  --------------  -------------------
/opt/airflow/dags/ml_training_pipeline.py                           1           0  0.10s           2026-03-25T20:56:31
================================================================================
[2026-03-25T20:57:01.332+0000] {manager.py:878} INFO - 
================================================================================
DAG File Processing Stats

File Path                                  PID    Runtime      # DAGs    # Errors  Last Runtime    Last Run
-----------------------------------------  -----  ---------  --------  ----------  --------------  -------------------
/opt/airflow/dags/ml_training_pipeline.py                           1           0  0.11s           2026-03-25T20:57:01
================================================================================
[2026-03-25T20:57:31.487+0000] {manager.py:878} INFO - 
================================================================================
DAG File Processing Stats

File Path                                  PID    Runtime      # DAGs    # Errors  Last Runtime    Last Run
-----------------------------------------  -----  ---------  --------  ----------  --------------  -------------------
/opt/airflow/dags/ml_training_pipeline.py                           1           0  0.11s           2026-03-25T20:57:31
================================================================================
[2026-03-25T20:58:01.660+0000] {manager.py:878} INFO - 
================================================================================
DAG File Processing Stats

File Path                                  PID    Runtime      # DAGs    # Errors  Last Runtime    Last Run
-----------------------------------------  -----  ---------  --------  ----------  --------------  -------------------
/opt/airflow/dags/ml_training_pipeline.py                           1           0  0.11s           2026-03-25T20:58:01
================================================================================
[2026-03-25T20:58:17.202+0000] {manager.py:737} INFO - Searching for files in /opt/airflow/dags
[2026-03-25T20:58:17.205+0000] {manager.py:740} INFO - There are 1 files in /opt/airflow/dags
[2026-03-25T20:58:31.837+0000] {manager.py:878} INFO - 
================================================================================
DAG File Processing Stats

File Path                                  PID    Runtime      # DAGs    # Errors  Last Runtime    Last Run
-----------------------------------------  -----  ---------  --------  ----------  --------------  -------------------
/opt/airflow/dags/ml_training_pipeline.py                           1           0  0.11s           2026-03-25T20:58:31
================================================================================
[2026-03-25T20:59:02.010+0000] {manager.py:878} INFO - 
================================================================================
DAG File Processing Stats

File Path                                  PID    Runtime      # DAGs    # Errors  Last Runtime    Last Run
-----------------------------------------  -----  ---------  --------  ----------  --------------  -------------------
/opt/airflow/dags/ml_training_pipeline.py                           1           0  0.11s           2026-03-25T20:59:02
================================================================================
[2026-03-25T20:59:32.176+0000] {manager.py:878} INFO - 
================================================================================
DAG File Processing Stats

File Path                                  PID    Runtime      # DAGs    # Errors  Last Runtime    Last Run
-----------------------------------------  -----  ---------  --------  ----------  --------------  -------------------
/opt/airflow/dags/ml_training_pipeline.py                           1           0  0.10s           2026-03-25T20:59:32
================================================================================
[2026-03-25T21:00:02.350+0000] {manager.py:878} INFO - 
================================================================================
DAG File Processing Stats

File Path                                  PID    Runtime      # DAGs    # Errors  Last Runtime    Last Run
-----------------------------------------  -----  ---------  --------  ----------  --------------  -------------------
/opt/airflow/dags/ml_training_pipeline.py                           1           0  0.11s           2026-03-25T21:00:02
================================================================================
[2026-03-25T21:00:32.525+0000] {manager.py:878} INFO - 
================================================================================
DAG File Processing Stats

File Path                                  PID    Runtime      # DAGs    # Errors  Last Runtime    Last Run
-----------------------------------------  -----  ---------  --------  ----------  --------------  -------------------
/opt/airflow/dags/ml_training_pipeline.py                           1           0  0.11s           2026-03-25T21:00:32
================================================================================
[2026-03-25T21:01:02.697+0000] {manager.py:878} INFO - 
================================================================================
DAG File Processing Stats

File Path                                  PID    Runtime      # DAGs    # Errors  Last Runtime    Last Run
-----------------------------------------  -----  ---------  --------  ----------  --------------  -------------------
/opt/airflow/dags/ml_training_pipeline.py                           1           0  0.10s           2026-03-25T21:01:02
================================================================================
[2026-03-25T21:01:32.870+0000] {manager.py:878} INFO - 
================================================================================
DAG File Processing Stats

File Path                                  PID    Runtime      # DAGs    # Errors  Last Runtime    Last Run
-----------------------------------------  -----  ---------  --------  ----------  --------------  -------------------
/opt/airflow/dags/ml_training_pipeline.py                           1           0  0.11s           2026-03-25T21:01:32
================================================================================
[2026-03-25T21:02:03.031+0000] {manager.py:878} INFO - 
================================================================================
DAG File Processing Stats

File Path                                  PID    Runtime      # DAGs    # Errors  Last Runtime    Last Run
-----------------------------------------  -----  ---------  --------  ----------  --------------  -------------------
/opt/airflow/dags/ml_training_pipeline.py                           1           0  0.10s           2026-03-25T21:02:03
================================================================================
[2026-03-25T21:02:33.208+0000] {manager.py:878} INFO - 
================================================================================
DAG File Processing Stats

File Path                                  PID    Runtime      # DAGs    # Errors  Last Runtime    Last Run
-----------------------------------------  -----  ---------  --------  ----------  --------------  -------------------
/opt/airflow/dags/ml_training_pipeline.py                           1           0  0.11s           2026-03-25T21:02:33
================================================================================
[2026-03-25T21:03:03.378+0000] {manager.py:878} INFO - 
================================================================================
DAG File Processing Stats

File Path                                  PID    Runtime      # DAGs    # Errors  Last Runtime    Last Run
-----------------------------------------  -----  ---------  --------  ----------  --------------  -------------------
/opt/airflow/dags/ml_training_pipeline.py                           1           0  0.11s           2026-03-25T21:03:03
================================================================================
[2026-03-25T21:03:17.241+0000] {manager.py:737} INFO - Searching for files in /opt/airflow/dags
[2026-03-25T21:03:17.244+0000] {manager.py:740} INFO - There are 1 files in /opt/airflow/dags
[2026-03-25T21:03:33.550+0000] {manager.py:878} INFO - 
================================================================================
DAG File Processing Stats

File Path                                  PID    Runtime      # DAGs    # Errors  Last Runtime    Last Run
-----------------------------------------  -----  ---------  --------  ----------  --------------  -------------------
/opt/airflow/dags/ml_training_pipeline.py                           1           0  0.11s           2026-03-25T21:03:33
================================================================================
[2026-03-25T21:04:03.723+0000] {manager.py:878} INFO - 
================================================================================
DAG File Processing Stats

File Path                                  PID    Runtime      # DAGs    # Errors  Last Runtime    Last Run
-----------------------------------------  -----  ---------  --------  ----------  --------------  -------------------
/opt/airflow/dags/ml_training_pipeline.py                           1           0  0.11s           2026-03-25T21:04:03
================================================================================
[2026-03-25T21:04:33.897+0000] {manager.py:878} INFO - 
================================================================================
DAG File Processing Stats

File Path                                  PID    Runtime      # DAGs    # Errors  Last Runtime    Last Run
-----------------------------------------  -----  ---------  --------  ----------  --------------  -------------------
/opt/airflow/dags/ml_training_pipeline.py                           1           0  0.11s           2026-03-25T21:04:33
================================================================================
[2026-03-25T21:05:04.068+0000] {manager.py:878} INFO - 
================================================================================
DAG File Processing Stats

File Path                                  PID    Runtime      # DAGs    # Errors  Last Runtime    Last Run
-----------------------------------------  -----  ---------  --------  ----------  --------------  -------------------
/opt/airflow/dags/ml_training_pipeline.py                           1           0  0.11s           2026-03-25T21:05:04
================================================================================
[2026-03-25T21:05:34.240+0000] {manager.py:878} INFO - 
================================================================================
DAG File Processing Stats

File Path                                  PID    Runtime      # DAGs    # Errors  Last Runtime    Last Run
-----------------------------------------  -----  ---------  --------  ----------  --------------  -------------------
/opt/airflow/dags/ml_training_pipeline.py                           1           0  0.11s           2026-03-25T21:05:34
================================================================================
[2026-03-25T21:06:04.414+0000] {manager.py:878} INFO - 
================================================================================
DAG File Processing Stats

File Path                                  PID    Runtime      # DAGs    # Errors  Last Runtime    Last Run
-----------------------------------------  -----  ---------  --------  ----------  --------------  -------------------
/opt/airflow/dags/ml_training_pipeline.py                           1           0  0.11s           2026-03-25T21:06:04
================================================================================
[2026-03-25T21:06:34.581+0000] {manager.py:878} INFO - 
================================================================================
DAG File Processing Stats

File Path                                  PID    Runtime      # DAGs    # Errors  Last Runtime    Last Run
-----------------------------------------  -----  ---------  --------  ----------  --------------  -------------------
/opt/airflow/dags/ml_training_pipeline.py                           1           0  0.11s           2026-03-25T21:06:34
================================================================================
[2026-03-25T21:07:04.738+0000] {manager.py:878} INFO - 
================================================================================
DAG File Processing Stats

File Path                                  PID    Runtime      # DAGs    # Errors  Last Runtime    Last Run
-----------------------------------------  -----  ---------  --------  ----------  --------------  -------------------
/opt/airflow/dags/ml_training_pipeline.py                           1           0  0.11s           2026-03-25T21:07:04
================================================================================
[2026-03-25T21:07:34.910+0000] {manager.py:878} INFO - 
================================================================================
DAG File Processing Stats

File Path                                  PID    Runtime      # DAGs    # Errors  Last Runtime    Last Run
-----------------------------------------  -----  ---------  --------  ----------  --------------  -------------------
/opt/airflow/dags/ml_training_pipeline.py                           1           0  0.11s           2026-03-25T21:07:34
================================================================================
[2026-03-25T21:08:05.074+0000] {manager.py:878} INFO - 
================================================================================
DAG File Processing Stats

File Path                                  PID    Runtime      # DAGs    # Errors  Last Runtime    Last Run
-----------------------------------------  -----  ---------  --------  ----------  --------------  -------------------
/opt/airflow/dags/ml_training_pipeline.py                           1           0  0.11s           2026-03-25T21:08:05
================================================================================
[2026-03-25T21:08:17.284+0000] {manager.py:737} INFO - Searching for files in /opt/airflow/dags
[2026-03-25T21:08:17.287+0000] {manager.py:740} INFO - There are 1 files in /opt/airflow/dags
[2026-03-25T21:08:35.247+0000] {manager.py:878} INFO - 
================================================================================
DAG File Processing Stats

File Path                                  PID    Runtime      # DAGs    # Errors  Last Runtime    Last Run
-----------------------------------------  -----  ---------  --------  ----------  --------------  -------------------
/opt/airflow/dags/ml_training_pipeline.py                           1           0  0.11s           2026-03-25T21:08:35
================================================================================
[2026-03-25T21:09:05.418+0000] {manager.py:878} INFO - 
================================================================================
DAG File Processing Stats

File Path                                  PID    Runtime      # DAGs    # Errors  Last Runtime    Last Run
-----------------------------------------  -----  ---------  --------  ----------  --------------  -------------------
/opt/airflow/dags/ml_training_pipeline.py                           1           0  0.11s           2026-03-25T21:09:05
================================================================================
[2026-03-25T21:09:35.583+0000] {manager.py:878} INFO - 
================================================================================
DAG File Processing Stats

File Path                                  PID    Runtime      # DAGs    # Errors  Last Runtime    Last Run
-----------------------------------------  -----  ---------  --------  ----------  --------------  -------------------
/opt/airflow/dags/ml_training_pipeline.py                           1           0  0.10s           2026-03-25T21:09:35
================================================================================
[2026-03-25T21:10:05.752+0000] {manager.py:878} INFO - 
================================================================================
DAG File Processing Stats

File Path                                  PID    Runtime      # DAGs    # Errors  Last Runtime    Last Run
-----------------------------------------  -----  ---------  --------  ----------  --------------  -------------------
/opt/airflow/dags/ml_training_pipeline.py                           1           0  0.11s           2026-03-25T21:10:05
================================================================================
[2026-03-25T21:10:35.928+0000] {manager.py:878} INFO - 
================================================================================
DAG File Processing Stats

File Path                                  PID    Runtime      # DAGs    # Errors  Last Runtime    Last Run
-----------------------------------------  -----  ---------  --------  ----------  --------------  -------------------
/opt/airflow/dags/ml_training_pipeline.py                           1           0  0.10s           2026-03-25T21:10:35
================================================================================
[2026-03-25T21:11:06.100+0000] {manager.py:878} INFO - 
================================================================================
DAG File Processing Stats

File Path                                  PID    Runtime      # DAGs    # Errors  Last Runtime    Last Run
-----------------------------------------  -----  ---------  --------  ----------  --------------  -------------------
/opt/airflow/dags/ml_training_pipeline.py                           1           0  0.11s           2026-03-25T21:11:06
================================================================================
[2026-03-25T21:11:36.277+0000] {manager.py:878} INFO - 
================================================================================
DAG File Processing Stats

File Path                                  PID    Runtime      # DAGs    # Errors  Last Runtime    Last Run
-----------------------------------------  -----  ---------  --------  ----------  --------------  -------------------
/opt/airflow/dags/ml_training_pipeline.py                           1           0  0.11s           2026-03-25T21:11:36
================================================================================
[2026-03-25T21:12:06.448+0000] {manager.py:878} INFO - 
================================================================================
DAG File Processing Stats

File Path                                  PID    Runtime      # DAGs    # Errors  Last Runtime    Last Run
-----------------------------------------  -----  ---------  --------  ----------  --------------  -------------------
/opt/airflow/dags/ml_training_pipeline.py                           1           0  0.11s           2026-03-25T21:12:06
================================================================================
[2026-03-25T21:12:36.625+0000] {manager.py:878} INFO - 
================================================================================
DAG File Processing Stats

File Path                                  PID    Runtime      # DAGs    # Errors  Last Runtime    Last Run
-----------------------------------------  -----  ---------  --------  ----------  --------------  -------------------
/opt/airflow/dags/ml_training_pipeline.py                           1           0  0.10s           2026-03-25T21:12:36
================================================================================
[2026-03-25T21:13:06.797+0000] {manager.py:878} INFO - 
================================================================================
DAG File Processing Stats

File Path                                  PID    Runtime      # DAGs    # Errors  Last Runtime    Last Run
-----------------------------------------  -----  ---------  --------  ----------  --------------  -------------------
/opt/airflow/dags/ml_training_pipeline.py                           1           0  0.11s           2026-03-25T21:13:06
================================================================================
[2026-03-25T21:13:17.325+0000] {manager.py:737} INFO - Searching for files in /opt/airflow/dags
[2026-03-25T21:13:17.328+0000] {manager.py:740} INFO - There are 1 files in /opt/airflow/dags
[2026-03-25T21:13:36.976+0000] {manager.py:878} INFO - 
================================================================================
DAG File Processing Stats

File Path                                  PID    Runtime      # DAGs    # Errors  Last Runtime    Last Run
-----------------------------------------  -----  ---------  --------  ----------  --------------  -------------------
/opt/airflow/dags/ml_training_pipeline.py                           1           0  0.11s           2026-03-25T21:13:36
================================================================================
[2026-03-25T21:14:07.149+0000] {manager.py:878} INFO - 
================================================================================
DAG File Processing Stats

File Path                                  PID    Runtime      # DAGs    # Errors  Last Runtime    Last Run
-----------------------------------------  -----  ---------  --------  ----------  --------------  -------------------
/opt/airflow/dags/ml_training_pipeline.py                           1           0  0.11s           2026-03-25T21:14:07
================================================================================
[2026-03-25T21:14:37.327+0000] {manager.py:878} INFO - 
================================================================================
DAG File Processing Stats

File Path                                  PID    Runtime      # DAGs    # Errors  Last Runtime    Last Run
-----------------------------------------  -----  ---------  --------  ----------  --------------  -------------------
/opt/airflow/dags/ml_training_pipeline.py                           1           0  0.11s           2026-03-25T21:14:37
================================================================================
[2026-03-25T21:15:07.495+0000] {manager.py:878} INFO - 
================================================================================
DAG File Processing Stats

File Path                                  PID    Runtime      # DAGs    # Errors  Last Runtime    Last Run
-----------------------------------------  -----  ---------  --------  ----------  --------------  -------------------
/opt/airflow/dags/ml_training_pipeline.py                           1           0  0.10s           2026-03-25T21:15:07
================================================================================
[2026-03-25T21:15:37.663+0000] {manager.py:878} INFO - 
================================================================================
DAG File Processing Stats

File Path                                  PID    Runtime      # DAGs    # Errors  Last Runtime    Last Run
-----------------------------------------  -----  ---------  --------  ----------  --------------  -------------------
/opt/airflow/dags/ml_training_pipeline.py                           1           0  0.11s           2026-03-25T21:15:37
================================================================================
[2026-03-25T21:16:07.832+0000] {manager.py:878} INFO - 
================================================================================
DAG File Processing Stats

File Path                                  PID    Runtime      # DAGs    # Errors  Last Runtime    Last Run
-----------------------------------------  -----  ---------  --------  ----------  --------------  -------------------
/opt/airflow/dags/ml_training_pipeline.py                           1           0  0.11s           2026-03-25T21:16:07
================================================================================
[2026-03-25T21:16:38.010+0000] {manager.py:878} INFO - 
================================================================================
DAG File Processing Stats

File Path                                  PID    Runtime      # DAGs    # Errors  Last Runtime    Last Run
-----------------------------------------  -----  ---------  --------  ----------  --------------  -------------------
/opt/airflow/dags/ml_training_pipeline.py                           1           0  0.11s           2026-03-25T21:16:38
================================================================================
[2026-03-25T21:17:08.177+0000] {manager.py:878} INFO - 
================================================================================
DAG File Processing Stats

File Path                                  PID    Runtime      # DAGs    # Errors  Last Runtime    Last Run
-----------------------------------------  -----  ---------  --------  ----------  --------------  -------------------
/opt/airflow/dags/ml_training_pipeline.py                           1           0  0.11s           2026-03-25T21:17:08
================================================================================
[2026-03-25T21:17:38.349+0000] {manager.py:878} INFO - 
================================================================================
DAG File Processing Stats

File Path                                  PID    Runtime      # DAGs    # Errors  Last Runtime    Last Run
-----------------------------------------  -----  ---------  --------  ----------  --------------  -------------------
/opt/airflow/dags/ml_training_pipeline.py                           1           0  0.11s           2026-03-25T21:17:38
================================================================================
[2026-03-25T21:18:08.523+0000] {manager.py:878} INFO - 
================================================================================
DAG File Processing Stats

File Path                                  PID    Runtime      # DAGs    # Errors  Last Runtime    Last Run
-----------------------------------------  -----  ---------  --------  ----------  --------------  -------------------
/opt/airflow/dags/ml_training_pipeline.py                           1           0  0.11s           2026-03-25T21:18:08
================================================================================
[2026-03-25T21:18:17.344+0000] {manager.py:737} INFO - Searching for files in /opt/airflow/dags
[2026-03-25T21:18:17.347+0000] {manager.py:740} INFO - There are 1 files in /opt/airflow/dags
[2026-03-25T21:18:38.633+0000] {manager.py:878} INFO - 
================================================================================
DAG File Processing Stats

File Path                                  PID    Runtime      # DAGs    # Errors  Last Runtime    Last Run
-----------------------------------------  -----  ---------  --------  ----------  --------------  -------------------
/opt/airflow/dags/ml_training_pipeline.py                           1           0  0.10s           2026-03-25T21:18:38
================================================================================
[2026-03-25T21:19:08.779+0000] {manager.py:878} INFO - 
================================================================================
DAG File Processing Stats

File Path                                  PID    Runtime      # DAGs    # Errors  Last Runtime    Last Run
-----------------------------------------  -----  ---------  --------  ----------  --------------  -------------------
/opt/airflow/dags/ml_training_pipeline.py                           1           0  0.11s           2026-03-25T21:19:08
================================================================================
[2026-03-25T21:19:38.956+0000] {manager.py:878} INFO - 
================================================================================
DAG File Processing Stats

File Path                                  PID    Runtime      # DAGs    # Errors  Last Runtime    Last Run
-----------------------------------------  -----  ---------  --------  ----------  --------------  -------------------
/opt/airflow/dags/ml_training_pipeline.py                           1           0  0.11s           2026-03-25T21:19:38
================================================================================
[2026-03-25T21:20:09.121+0000] {manager.py:878} INFO - 
================================================================================
DAG File Processing Stats

File Path                                  PID    Runtime      # DAGs    # Errors  Last Runtime    Last Run
-----------------------------------------  -----  ---------  --------  ----------  --------------  -------------------
/opt/airflow/dags/ml_training_pipeline.py                           1           0  0.10s           2026-03-25T21:20:09
================================================================================
[2026-03-25T21:20:39.296+0000] {manager.py:878} INFO - 
================================================================================
DAG File Processing Stats

File Path                                  PID    Runtime      # DAGs    # Errors  Last Runtime    Last Run
-----------------------------------------  -----  ---------  --------  ----------  --------------  -------------------
/opt/airflow/dags/ml_training_pipeline.py                           1           0  0.10s           2026-03-25T21:20:39
================================================================================
