[2026-03-25T23:14:42.110+0000] {local_task_job_runner.py:120} INFO - ::group::Pre task execution logs
[2026-03-25T23:14:42.120+0000] {taskinstance.py:2076} INFO - Dependencies all met for dep_context=non-requeueable deps ti=<TaskInstance: ml_training_pipeline.register_model manual__2026-03-25T23:14:28.069304+00:00 [queued]>
[2026-03-25T23:14:42.123+0000] {taskinstance.py:2076} INFO - Dependencies all met for dep_context=requeueable deps ti=<TaskInstance: ml_training_pipeline.register_model manual__2026-03-25T23:14:28.069304+00:00 [queued]>
[2026-03-25T23:14:42.123+0000] {taskinstance.py:2306} INFO - Starting attempt 1 of 1
[2026-03-25T23:14:42.129+0000] {taskinstance.py:2330} INFO - Executing <Task(BashOperator): register_model> on 2026-03-25 23:14:28.069304+00:00
[2026-03-25T23:14:42.131+0000] {standard_task_runner.py:64} INFO - Started process 522 to run task
[2026-03-25T23:14:42.132+0000] {standard_task_runner.py:90} INFO - Running: ['airflow', 'tasks', 'run', 'ml_training_pipeline', 'register_model', 'manual__2026-03-25T23:14:28.069304+00:00', '--job-id', '12', '--raw', '--subdir', 'DAGS_FOLDER/ml_training_pipeline.py', '--cfg-path', '/tmp/tmpggy0zlyu']
[2026-03-25T23:14:42.133+0000] {standard_task_runner.py:91} INFO - Job 12: Subtask register_model
[2026-03-25T23:14:42.149+0000] {task_command.py:426} INFO - Running <TaskInstance: ml_training_pipeline.register_model manual__2026-03-25T23:14:28.069304+00:00 [running]> on host 289b03b8ce95
[2026-03-25T23:14:42.173+0000] {taskinstance.py:2648} INFO - Exporting env vars: AIRFLOW_CTX_DAG_OWNER='airflow' AIRFLOW_CTX_DAG_ID='ml_training_pipeline' AIRFLOW_CTX_TASK_ID='register_model' AIRFLOW_CTX_EXECUTION_DATE='2026-03-25T23:14:28.069304+00:00' AIRFLOW_CTX_TRY_NUMBER='1' AIRFLOW_CTX_DAG_RUN_ID='manual__2026-03-25T23:14:28.069304+00:00'
[2026-03-25T23:14:42.174+0000] {taskinstance.py:430} INFO - ::endgroup::
[2026-03-25T23:14:42.178+0000] {subprocess.py:63} INFO - Tmp dir root location: /tmp
[2026-03-25T23:14:42.178+0000] {subprocess.py:75} INFO - Running command: ['/usr/bin/bash', '-c', 'cd /opt/airflow/project && python src/register_model.py']
[2026-03-25T23:14:42.181+0000] {subprocess.py:86} INFO - Output:
[2026-03-25T23:14:43.322+0000] {subprocess.py:93} INFO - Successfully registered model 'telco_churn_model'.
[2026-03-25T23:14:43.327+0000] {subprocess.py:93} INFO - Created version '1' of model 'telco_churn_model'.
[2026-03-25T23:14:45.330+0000] {subprocess.py:93} INFO - /opt/airflow/project/src/register_model.py:39: FutureWarning: ``mlflow.tracking.client.MlflowClient.transition_model_version_stage`` is deprecated since 2.9.0. Model registry stages will be removed in a future major release. To learn more about the deprecation of model registry stages, see our migration guide here: https://mlflow.org/docs/latest/model-registry.html#migrating-from-stages
[2026-03-25T23:14:45.331+0000] {subprocess.py:93} INFO -   client.transition_model_version_stage(
[2026-03-25T23:14:45.340+0000] {subprocess.py:93} INFO - ✅ Registered model 'telco_churn_model' version 1
[2026-03-25T23:14:45.343+0000] {subprocess.py:93} INFO - ✅ Transitioned to stage: Staging
[2026-03-25T23:14:45.500+0000] {subprocess.py:97} INFO - Command exited with return code 0
[2026-03-25T23:14:45.501+0000] {taskinstance.py:441} INFO - ::group::Post task execution logs
[2026-03-25T23:14:45.510+0000] {taskinstance.py:1206} INFO - Marking task as SUCCESS. dag_id=ml_training_pipeline, task_id=register_model, run_id=manual__2026-03-25T23:14:28.069304+00:00, execution_date=20260325T231428, start_date=20260325T231442, end_date=20260325T231445
[2026-03-25T23:14:45.530+0000] {local_task_job_runner.py:243} INFO - Task exited with return code 0
[2026-03-25T23:14:45.537+0000] {taskinstance.py:3503} INFO - 0 downstream tasks scheduled from follow-on schedule check
[2026-03-25T23:14:45.537+0000] {local_task_job_runner.py:222} INFO - ::endgroup::
