[2026-03-25T23:14:40.682+0000] {local_task_job_runner.py:120} INFO - ::group::Pre task execution logs
[2026-03-25T23:14:40.692+0000] {taskinstance.py:2076} INFO - Dependencies all met for dep_context=non-requeueable deps ti=<TaskInstance: ml_training_pipeline.evaluate_and_branch manual__2026-03-25T23:14:28.069304+00:00 [queued]>
[2026-03-25T23:14:40.695+0000] {taskinstance.py:2076} INFO - Dependencies all met for dep_context=requeueable deps ti=<TaskInstance: ml_training_pipeline.evaluate_and_branch manual__2026-03-25T23:14:28.069304+00:00 [queued]>
[2026-03-25T23:14:40.696+0000] {taskinstance.py:2306} INFO - Starting attempt 1 of 1
[2026-03-25T23:14:40.702+0000] {taskinstance.py:2330} INFO - Executing <Task(BranchPythonOperator): evaluate_and_branch> on 2026-03-25 23:14:28.069304+00:00
[2026-03-25T23:14:40.705+0000] {standard_task_runner.py:64} INFO - Started process 507 to run task
[2026-03-25T23:14:40.706+0000] {standard_task_runner.py:90} INFO - Running: ['airflow', 'tasks', 'run', 'ml_training_pipeline', 'evaluate_and_branch', 'manual__2026-03-25T23:14:28.069304+00:00', '--job-id', '11', '--raw', '--subdir', 'DAGS_FOLDER/ml_training_pipeline.py', '--cfg-path', '/tmp/tmp412s7uw4']
[2026-03-25T23:14:40.707+0000] {standard_task_runner.py:91} INFO - Job 11: Subtask evaluate_and_branch
[2026-03-25T23:14:40.726+0000] {task_command.py:426} INFO - Running <TaskInstance: ml_training_pipeline.evaluate_and_branch manual__2026-03-25T23:14:28.069304+00:00 [running]> on host 289b03b8ce95
[2026-03-25T23:14:40.753+0000] {taskinstance.py:2648} INFO - Exporting env vars: AIRFLOW_CTX_DAG_OWNER='airflow' AIRFLOW_CTX_DAG_ID='ml_training_pipeline' AIRFLOW_CTX_TASK_ID='evaluate_and_branch' AIRFLOW_CTX_EXECUTION_DATE='2026-03-25T23:14:28.069304+00:00' AIRFLOW_CTX_TRY_NUMBER='1' AIRFLOW_CTX_DAG_RUN_ID='manual__2026-03-25T23:14:28.069304+00:00'
[2026-03-25T23:14:40.754+0000] {taskinstance.py:430} INFO - ::endgroup::
[2026-03-25T23:14:40.758+0000] {baseoperator.py:400} WARNING - BranchPythonOperator.execute cannot be called outside TaskInstance!
[2026-03-25T23:14:40.758+0000] {python.py:237} INFO - Done. Returned value was: register_model
[2026-03-25T23:14:40.758+0000] {branch.py:36} INFO - Branch into register_model
[2026-03-25T23:14:40.758+0000] {skipmixin.py:178} INFO - Following branch register_model
[2026-03-25T23:14:40.763+0000] {skipmixin.py:246} INFO - Skipping tasks [('stop_pipeline', -1)]
[2026-03-25T23:14:40.771+0000] {taskinstance.py:441} INFO - ::group::Post task execution logs
[2026-03-25T23:14:40.776+0000] {taskinstance.py:1206} INFO - Marking task as SUCCESS. dag_id=ml_training_pipeline, task_id=evaluate_and_branch, run_id=manual__2026-03-25T23:14:28.069304+00:00, execution_date=20260325T231428, start_date=20260325T231440, end_date=20260325T231440
[2026-03-25T23:14:40.806+0000] {local_task_job_runner.py:243} INFO - Task exited with return code 0
[2026-03-25T23:14:40.818+0000] {taskinstance.py:3503} INFO - 1 downstream tasks scheduled from follow-on schedule check
[2026-03-25T23:14:40.820+0000] {local_task_job_runner.py:222} INFO - ::endgroup::
